[2026-01-05 17:29:44] local.ERROR: The C:\Users\User\Downloads\sistema_frequencia\bootstrap\cache directory must be present and writable. {"exception":"[object] (Exception(code: 0): The C:\\Users\\User\\Downloads\\sistema_frequencia\\bootstrap\\cache directory must be present and writable. at C:/Users/User/Downloads/sistema_frequencia/vendor/laravel/framework/src/Illuminate/Foundation/PackageManifest.php:179)
[stacktrace]
#0 C:/Users/User/Downloads/sistema_frequencia/vendor/laravel/framework/src/Illuminate/Foundation/PackageManifest.php(132): Illuminate/Foundation/PackageManifest->write()
#1 C:/Users/User/Downloads/sistema_frequencia/vendor/laravel/framework/src/Illuminate/Foundation/PackageManifest.php(108): Illuminate/Foundation/PackageManifest->build()
#2 C:/Users/User/Downloads/sistema_frequencia/vendor/laravel/framework/src/Illuminate/Foundation/PackageManifest.php(91): Illuminate/Foundation/PackageManifest->getManifest()
#3 C:/Users/User/Downloads/sistema_frequencia/vendor/laravel/framework/src/Illuminate/Foundation/PackageManifest.php(80): Illuminate/Foundation/PackageManifest->config()
#4 C:/Users/User/Downloads/sistema_frequencia/vendor/laravel/framework/src/Illuminate/Foundation/Bootstrap/RegisterFacades.php(26): Illuminate/Foundation/PackageManifest->aliases()
#5 C:/Users/User/Downloads/sistema_frequencia/vendor/laravel/framework/src/Illuminate/Foundation/Application.php(342): Illuminate/Foundation/Bootstrap/RegisterFacades->bootstrap()
#6 C:/Users/User/Downloads/sistema_frequencia/vendor/laravel/framework/src/Illuminate/Foundation/Console/Kernel.php(474): Illuminate/Foundation/Application->bootstrapWith()
#7 C:/Users/User/Downloads/sistema_frequencia/vendor/laravel/framework/src/Illuminate/Foundation/Console/Kernel.php(196): Illuminate/Foundation/Console/Kernel->bootstrap()
#8 C:/Users/User/Downloads/sistema_frequencia/vendor/laravel/framework/src/Illuminate/Foundation/Application.php(1235): Illuminate/Foundation/Console/Kernel->handle()
#9 C:/Users/User/Downloads/sistema_frequencia/artisan(12): Illuminate/Foundation/Application->handleCommand()
#10 {main}
"} 
[2026-01-05 17:29:57] local.ERROR: require(C:\Users\User\Downloads\sistema_frequencia\bootstrap/../routes/api.php): Failed to open stream: No such file or directory {"exception":"[object] (ErrorException(code: 0): require(C:\\Users\\User\\Downloads\\sistema_frequencia\\bootstrap/../routes/api.php): Failed to open stream: No such file or directory at C:/Users/User/Downloads/sistema_frequencia/vendor/laravel/framework/src/Illuminate/Routing/RouteFileRegistrar.php:35)
[stacktrace]
#0 C:/Users/User/Downloads/sistema_frequencia/vendor/laravel/framework/src/Illuminate/Foundation/Bootstrap/HandleExceptions.php(258): Illuminate/Foundation/Bootstrap/HandleExceptions->handleError()
#1 C:/Users/User/Downloads/sistema_frequencia/vendor/laravel/framework/src/Illuminate/Routing/RouteFileRegistrar.php(35): Illuminate/Foundation/Bootstrap/HandleExceptions->{closure:Illuminate/Foundation/Bootstrap/HandleExceptions::forwardsTo():257}()
#2 C:/Users/User/Downloads/sistema_frequencia/vendor/laravel/framework/src/Illuminate/Routing/RouteFileRegistrar.php(35): require('...')
#3 C:/Users/User/Downloads/sistema_frequencia/vendor/laravel/framework/src/Illuminate/Routing/Router.php(513): Illuminate/Routing/RouteFileRegistrar->register()
#4 C:/Users/User/Downloads/sistema_frequencia/vendor/laravel/framework/src/Illuminate/Routing/Router.php(467): Illuminate/Routing/Router->loadRoutes()
#5 C:/Users/User/Downloads/sistema_frequencia/vendor/laravel/framework/src/Illuminate/Routing/RouteRegistrar.php(207): Illuminate/Routing/Router->group()
#6 C:/Users/User/Downloads/sistema_frequencia/vendor/laravel/framework/src/Illuminate/Foundation/Configuration/ApplicationBuilder.php(214): Illuminate/Routing/RouteRegistrar->group()
#7 C:/Users/User/Downloads/sistema_frequencia/vendor/laravel/framework/src/Illuminate/Container/BoundMethod.php(36): Illuminate/Foundation/Configuration/ApplicationBuilder->{closure:Illuminate/Foundation/Configuration/ApplicationBuilder::buildRoutingCallback():205}()
#8 C:/Users/User/Downloads/sistema_frequencia/vendor/laravel/framework/src/Illuminate/Container/Util.php(43): Illuminate/Container/BoundMethod::{closure:Illuminate/Container/BoundMethod::call():35}()
#9 C:/Users/User/Downloads/sistema_frequencia/vendor/laravel/framework/src/Illuminate/Container/BoundMethod.php(83): Illuminate/Container/Util::unwrapIfClosure()
#10 C:/Users/User/Downloads/sistema_frequencia/vendor/laravel/framework/src/Illuminate/Container/BoundMethod.php(35): Illuminate/Container/BoundMethod::callBoundMethod()
#11 C:/Users/User/Downloads/sistema_frequencia/vendor/laravel/framework/src/Illuminate/Container/Container.php(696): Illuminate/Container/BoundMethod::call()
#12 C:/Users/User/Downloads/sistema_frequencia/vendor/laravel/framework/src/Illuminate/Foundation/Support/Providers/RouteServiceProvider.php(162): Illuminate/Container/Container->call()
#13 C:/Users/User/Downloads/sistema_frequencia/vendor/laravel/framework/src/Illuminate/Foundation/Support/Providers/RouteServiceProvider.php(59): Illuminate/Foundation/Support/Providers/RouteServiceProvider->loadRoutes()
#14 C:/Users/User/Downloads/sistema_frequencia/vendor/laravel/framework/src/Illuminate/Container/BoundMethod.php(36): Illuminate/Foundation/Support/Providers/RouteServiceProvider->{closure:Illuminate/Foundation/Support/Providers/RouteServiceProvider::register():53}()
#15 C:/Users/User/Downloads/sistema_frequencia/vendor/laravel/framework/src/Illuminate/Container/Util.php(43): Illuminate/Container/BoundMethod::{closure:Illuminate/Container/BoundMethod::call():35}()
#16 C:/Users/User/Downloads/sistema_frequencia/vendor/laravel/framework/src/Illuminate/Container/BoundMethod.php(83): Illuminate/Container/Util::unwrapIfClosure()
#17 C:/Users/User/Downloads/sistema_frequencia/vendor/laravel/framework/src/Illuminate/Container/BoundMethod.php(35): Illuminate/Container/BoundMethod::callBoundMethod()
#18 C:/Users/User/Downloads/sistema_frequencia/vendor/laravel/framework/src/Illuminate/Container/Container.php(696): Illuminate/Container/BoundMethod::call()
#19 C:/Users/User/Downloads/sistema_frequencia/vendor/laravel/framework/src/Illuminate/Support/ServiceProvider.php(144): Illuminate/Container/Container->call()
#20 C:/Users/User/Downloads/sistema_frequencia/vendor/laravel/framework/src/Illuminate/Foundation/Application.php(1154): Illuminate/Support/ServiceProvider->callBootedCallbacks()
#21 C:/Users/User/Downloads/sistema_frequencia/vendor/laravel/framework/src/Illuminate/Foundation/Application.php(1132): Illuminate/Foundation/Application->bootProvider()
#22 [internal function]: Illuminate/Foundation/Application->{closure:Illuminate/Foundation/Application::boot():1131}()
#23 C:/Users/User/Downloads/sistema_frequencia/vendor/laravel/framework/src/Illuminate/Foundation/Application.php(1131): array_walk()
#24 C:/Users/User/Downloads/sistema_frequencia/vendor/laravel/framework/src/Illuminate/Foundation/Bootstrap/BootProviders.php(17): Illuminate/Foundation/Application->boot()
#25 C:/Users/User/Downloads/sistema_frequencia/vendor/laravel/framework/src/Illuminate/Foundation/Application.php(342): Illuminate/Foundation/Bootstrap/BootProviders->bootstrap()
#26 C:/Users/User/Downloads/sistema_frequencia/vendor/laravel/framework/src/Illuminate/Foundation/Console/Kernel.php(474): Illuminate/Foundation/Application->bootstrapWith()
#27 C:/Users/User/Downloads/sistema_frequencia/vendor/laravel/framework/src/Illuminate/Foundation/Console/Kernel.php(196): Illuminate/Foundation/Console/Kernel->bootstrap()
#28 C:/Users/User/Downloads/sistema_frequencia/vendor/laravel/framework/src/Illuminate/Foundation/Application.php(1235): Illuminate/Foundation/Console/Kernel->handle()
#29 C:/Users/User/Downloads/sistema_frequencia/artisan(12): Illuminate/Foundation/Application->handleCommand()
#30 {main}
"} 
[2026-01-05 17:30:04] local.ERROR: require(C:\Users\User\Downloads\sistema_frequencia\bootstrap/../routes/api.php): Failed to open stream: No such file or directory {"exception":"[object] (ErrorException(code: 0): require(C:\\Users\\User\\Downloads\\sistema_frequencia\\bootstrap/../routes/api.php): Failed to open stream: No such file or directory at C:/Users/User/Downloads/sistema_frequencia/vendor/laravel/framework/src/Illuminate/Routing/RouteFileRegistrar.php:35)
[stacktrace]
#0 C:/Users/User/Downloads/sistema_frequencia/vendor/laravel/framework/src/Illuminate/Foundation/Bootstrap/HandleExceptions.php(258): Illuminate/Foundation/Bootstrap/HandleExceptions->handleError()
#1 C:/Users/User/Downloads/sistema_frequencia/vendor/laravel/framework/src/Illuminate/Routing/RouteFileRegistrar.php(35): Illuminate/Foundation/Bootstrap/HandleExceptions->{closure:Illuminate/Foundation/Bootstrap/HandleExceptions::forwardsTo():257}()
#2 C:/Users/User/Downloads/sistema_frequencia/vendor/laravel/framework/src/Illuminate/Routing/RouteFileRegistrar.php(35): require('...')
#3 C:/Users/User/Downloads/sistema_frequencia/vendor/laravel/framework/src/Illuminate/Routing/Router.php(513): Illuminate/Routing/RouteFileRegistrar->register()
#4 C:/Users/User/Downloads/sistema_frequencia/vendor/laravel/framework/src/Illuminate/Routing/Router.php(467): Illuminate/Routing/Router->loadRoutes()
#5 C:/Users/User/Downloads/sistema_frequencia/vendor/laravel/framework/src/Illuminate/Routing/RouteRegistrar.php(207): Illuminate/Routing/Router->group()
#6 C:/Users/User/Downloads/sistema_frequencia/vendor/laravel/framework/src/Illuminate/Foundation/Configuration/ApplicationBuilder.php(214): Illuminate/Routing/RouteRegistrar->group()
#7 C:/Users/User/Downloads/sistema_frequencia/vendor/laravel/framework/src/Illuminate/Container/BoundMethod.php(36): Illuminate/Foundation/Configuration/ApplicationBuilder->{closure:Illuminate/Foundation/Configuration/ApplicationBuilder::buildRoutingCallback():205}()
#8 C:/Users/User/Downloads/sistema_frequencia/vendor/laravel/framework/src/Illuminate/Container/Util.php(43): Illuminate/Container/BoundMethod::{closure:Illuminate/Container/BoundMethod::call():35}()
#9 C:/Users/User/Downloads/sistema_frequencia/vendor/laravel/framework/src/Illuminate/Container/BoundMethod.php(83): Illuminate/Container/Util::unwrapIfClosure()
#10 C:/Users/User/Downloads/sistema_frequencia/vendor/laravel/framework/src/Illuminate/Container/BoundMethod.php(35): Illuminate/Container/BoundMethod::callBoundMethod()
#11 C:/Users/User/Downloads/sistema_frequencia/vendor/laravel/framework/src/Illuminate/Container/Container.php(696): Illuminate/Container/BoundMethod::call()
#12 C:/Users/User/Downloads/sistema_frequencia/vendor/laravel/framework/src/Illuminate/Foundation/Support/Providers/RouteServiceProvider.php(162): Illuminate/Container/Container->call()
#13 C:/Users/User/Downloads/sistema_frequencia/vendor/laravel/framework/src/Illuminate/Foundation/Support/Providers/RouteServiceProvider.php(59): Illuminate/Foundation/Support/Providers/RouteServiceProvider->loadRoutes()
#14 C:/Users/User/Downloads/sistema_frequencia/vendor/laravel/framework/src/Illuminate/Container/BoundMethod.php(36): Illuminate/Foundation/Support/Providers/RouteServiceProvider->{closure:Illuminate/Foundation/Support/Providers/RouteServiceProvider::register():53}()
#15 C:/Users/User/Downloads/sistema_frequencia/vendor/laravel/framework/src/Illuminate/Container/Util.php(43): Illuminate/Container/BoundMethod::{closure:Illuminate/Container/BoundMethod::call():35}()
#16 C:/Users/User/Downloads/sistema_frequencia/vendor/laravel/framework/src/Illuminate/Container/BoundMethod.php(83): Illuminate/Container/Util::unwrapIfClosure()
#17 C:/Users/User/Downloads/sistema_frequencia/vendor/laravel/framework/src/Illuminate/Container/BoundMethod.php(35): Illuminate/Container/BoundMethod::callBoundMethod()
#18 C:/Users/User/Downloads/sistema_frequencia/vendor/laravel/framework/src/Illuminate/Container/Container.php(696): Illuminate/Container/BoundMethod::call()
#19 C:/Users/User/Downloads/sistema_frequencia/vendor/laravel/framework/src/Illuminate/Support/ServiceProvider.php(144): Illuminate/Container/Container->call()
#20 C:/Users/User/Downloads/sistema_frequencia/vendor/laravel/framework/src/Illuminate/Foundation/Application.php(1154): Illuminate/Support/ServiceProvider->callBootedCallbacks()
#21 C:/Users/User/Downloads/sistema_frequencia/vendor/laravel/framework/src/Illuminate/Foundation/Application.php(1132): Illuminate/Foundation/Application->bootProvider()
#22 [internal function]: Illuminate/Foundation/Application->{closure:Illuminate/Foundation/Application::boot():1131}()
#23 C:/Users/User/Downloads/sistema_frequencia/vendor/laravel/framework/src/Illuminate/Foundation/Application.php(1131): array_walk()
#24 C:/Users/User/Downloads/sistema_frequencia/vendor/laravel/framework/src/Illuminate/Foundation/Bootstrap/BootProviders.php(17): Illuminate/Foundation/Application->boot()
#25 C:/Users/User/Downloads/sistema_frequencia/vendor/laravel/framework/src/Illuminate/Foundation/Application.php(342): Illuminate/Foundation/Bootstrap/BootProviders->bootstrap()
#26 C:/Users/User/Downloads/sistema_frequencia/vendor/laravel/framework/src/Illuminate/Foundation/Console/Kernel.php(474): Illuminate/Foundation/Application->bootstrapWith()
#27 C:/Users/User/Downloads/sistema_frequencia/vendor/laravel/framework/src/Illuminate/Foundation/Console/Kernel.php(196): Illuminate/Foundation/Console/Kernel->bootstrap()
#28 C:/Users/User/Downloads/sistema_frequencia/vendor/laravel/framework/src/Illuminate/Foundation/Application.php(1235): Illuminate/Foundation/Console/Kernel->handle()
#29 C:/Users/User/Downloads/sistema_frequencia/artisan(12): Illuminate/Foundation/Application->handleCommand()
#30 {main}
"} 
[2026-01-05 17:34:48] local.ERROR: could not find driver (Connection: mysql, SQL: select exists (select 1 from information_schema.tables where table_schema = 'frequencia' and table_name = 'migrations' and table_type in ('BASE TABLE', 'SYSTEM VERSIONED')) as `exists`) {"exception":"[object] (Illuminate\\Database\\QueryException(code: 0): could not find driver (Connection: mysql, SQL: select exists (select 1 from information_schema.tables where table_schema = 'frequencia' and table_name = 'migrations' and table_type in ('BASE TABLE', 'SYSTEM VERSIONED')) as `exists`) at C:/Users/User/Downloads/sistema_frequencia/vendor/laravel/framework/src/Illuminate/Database/Connection.php:825)
[stacktrace]
#0 C:/Users/User/Downloads/sistema_frequencia/vendor/laravel/framework/src/Illuminate/Database/Connection.php(779): Illuminate/Database/Connection->runQueryCallback()
#1 C:/Users/User/Downloads/sistema_frequencia/vendor/laravel/framework/src/Illuminate/Database/Connection.php(398): Illuminate/Database/Connection->run()
#2 C:/Users/User/Downloads/sistema_frequencia/vendor/laravel/framework/src/Illuminate/Database/Connection.php(344): Illuminate/Database/Connection->select()
#3 C:/Users/User/Downloads/sistema_frequencia/vendor/laravel/framework/src/Illuminate/Database/Connection.php(361): Illuminate/Database/Connection->selectOne()
#4 C:/Users/User/Downloads/sistema_frequencia/vendor/laravel/framework/src/Illuminate/Database/Schema/MySqlBuilder.php(45): Illuminate/Database/Connection->scalar()
#5 C:/Users/User/Downloads/sistema_frequencia/vendor/laravel/framework/src/Illuminate/Database/Migrations/DatabaseMigrationRepository.php(184): Illuminate/Database/Schema/MySqlBuilder->hasTable()
#6 C:/Users/User/Downloads/sistema_frequencia/vendor/laravel/framework/src/Illuminate/Database/Migrations/Migrator.php(742): Illuminate/Database/Migrations/DatabaseMigrationRepository->repositoryExists()
#7 C:/Users/User/Downloads/sistema_frequencia/vendor/laravel/framework/src/Illuminate/Database/Console/Migrations/MigrateCommand.php(165): Illuminate/Database/Migrations/Migrator->repositoryExists()
#8 C:/Users/User/Downloads/sistema_frequencia/vendor/laravel/framework/src/Illuminate/Support/helpers.php(338): Illuminate/Database/Console/Migrations/MigrateCommand->{closure:Illuminate/Database/Console/Migrations/MigrateCommand::repositoryExists():165}()
#9 C:/Users/User/Downloads/sistema_frequencia/vendor/laravel/framework/src/Illuminate/Database/Console/Migrations/MigrateCommand.php(165): retry()
#10 C:/Users/User/Downloads/sistema_frequencia/vendor/laravel/framework/src/Illuminate/Database/Console/Migrations/MigrateCommand.php(141): Illuminate/Database/Console/Migrations/MigrateCommand->repositoryExists()
#11 C:/Users/User/Downloads/sistema_frequencia/vendor/laravel/framework/src/Illuminate/Database/Console/Migrations/MigrateCommand.php(111): Illuminate/Database/Console/Migrations/MigrateCommand->prepareDatabase()
#12 C:/Users/User/Downloads/sistema_frequencia/vendor/laravel/framework/src/Illuminate/Database/Migrations/Migrator.php(658): Illuminate/Database/Console/Migrations/MigrateCommand->{closure:Illuminate/Database/Console/Migrations/MigrateCommand::runMigrations():110}()
#13 C:/Users/User/Downloads/sistema_frequencia/vendor/laravel/framework/src/Illuminate/Database/Console/Migrations/MigrateCommand.php(110): Illuminate/Database/Migrations/Migrator->usingConnection()
#14 C:/Users/User/Downloads/sistema_frequencia/vendor/laravel/framework/src/Illuminate/Database/Console/Migrations/MigrateCommand.php(89): Illuminate/Database/Console/Migrations/MigrateCommand->runMigrations()
#15 C:/Users/User/Downloads/sistema_frequencia/vendor/laravel/framework/src/Illuminate/Container/BoundMethod.php(36): Illuminate/Database/Console/Migrations/MigrateCommand->handle()
#16 C:/Users/User/Downloads/sistema_frequencia/vendor/laravel/framework/src/Illuminate/Container/Util.php(43): Illuminate/Container/BoundMethod::{closure:Illuminate/Container/BoundMethod::call():35}()
#17 C:/Users/User/Downloads/sistema_frequencia/vendor/laravel/framework/src/Illuminate/Container/BoundMethod.php(95): Illuminate/Container/Util::unwrapIfClosure()
#18 C:/Users/User/Downloads/sistema_frequencia/vendor/laravel/framework/src/Illuminate/Container/BoundMethod.php(35): Illuminate/Container/BoundMethod::callBoundMethod()
#19 C:/Users/User/Downloads/sistema_frequencia/vendor/laravel/framework/src/Illuminate/Container/Container.php(696): Illuminate/Container/BoundMethod::call()
#20 C:/Users/User/Downloads/sistema_frequencia/vendor/laravel/framework/src/Illuminate/Console/Command.php(213): Illuminate/Container/Container->call()
#21 C:/Users/User/Downloads/sistema_frequencia/vendor/symfony/console/Command/Command.php(341): Illuminate/Console/Command->execute()
#22 C:/Users/User/Downloads/sistema_frequencia/vendor/laravel/framework/src/Illuminate/Console/Command.php(182): Symfony/Component/Console/Command/Command->run()
#23 C:/Users/User/Downloads/sistema_frequencia/vendor/symfony/console/Application.php(1102): Illuminate/Console/Command->run()
#24 C:/Users/User/Downloads/sistema_frequencia/vendor/symfony/console/Application.php(356): Symfony/Component/Console/Application->doRunCommand()
#25 C:/Users/User/Downloads/sistema_frequencia/vendor/symfony/console/Application.php(195): Symfony/Component/Console/Application->doRun()
#26 C:/Users/User/Downloads/sistema_frequencia/vendor/laravel/framework/src/Illuminate/Foundation/Console/Kernel.php(198): Symfony/Component/Console/Application->run()
#27 C:/Users/User/Downloads/sistema_frequencia/vendor/laravel/framework/src/Illuminate/Foundation/Application.php(1235): Illuminate/Foundation/Console/Kernel->handle()
#28 C:/Users/User/Downloads/sistema_frequencia/artisan(12): Illuminate/Foundation/Application->handleCommand()
#29 {main}

[previous exception] [object] (PDOException(code: 0): could not find driver at C:/Users/User/Downloads/sistema_frequencia/vendor/laravel/framework/src/Illuminate/Database/Connectors/Connector.php:67)
[stacktrace]
#0 C:/Users/User/Downloads/sistema_frequencia/vendor/laravel/framework/src/Illuminate/Database/Connectors/Connector.php(67): PDO::connect()
#1 C:/Users/User/Downloads/sistema_frequencia/vendor/laravel/framework/src/Illuminate/Database/Connectors/Connector.php(44): Illuminate/Database/Connectors/Connector->createPdoConnection()
#2 C:/Users/User/Downloads/sistema_frequencia/vendor/laravel/framework/src/Illuminate/Database/Connectors/MySqlConnector.php(24): Illuminate/Database/Connectors/Connector->createConnection()
#3 C:/Users/User/Downloads/sistema_frequencia/vendor/laravel/framework/src/Illuminate/Database/Connectors/ConnectionFactory.php(185): Illuminate/Database/Connectors/MySqlConnector->connect()
#4 [internal function]: Illuminate/Database/Connectors/ConnectionFactory->{closure:Illuminate/Database/Connectors/ConnectionFactory::createPdoResolverWithHosts():180}()
#5 C:/Users/User/Downloads/sistema_frequencia/vendor/laravel/framework/src/Illuminate/Database/Connection.php(1231): call_user_func()
#6 C:/Users/User/Downloads/sistema_frequencia/vendor/laravel/framework/src/Illuminate/Database/Connection.php(1267): Illuminate/Database/Connection->getPdo()
#7 C:/Users/User/Downloads/sistema_frequencia/vendor/laravel/framework/src/Illuminate/Database/Connection.php(512): Illuminate/Database/Connection->getReadPdo()
#8 C:/Users/User/Downloads/sistema_frequencia/vendor/laravel/framework/src/Illuminate/Database/Connection.php(407): Illuminate/Database/Connection->getPdoForSelect()
#9 C:/Users/User/Downloads/sistema_frequencia/vendor/laravel/framework/src/Illuminate/Database/Connection.php(812): Illuminate/Database/Connection->{closure:Illuminate/Database/Connection::select():398}()
#10 C:/Users/User/Downloads/sistema_frequencia/vendor/laravel/framework/src/Illuminate/Database/Connection.php(779): Illuminate/Database/Connection->runQueryCallback()
#11 C:/Users/User/Downloads/sistema_frequencia/vendor/laravel/framework/src/Illuminate/Database/Connection.php(398): Illuminate/Database/Connection->run()
#12 C:/Users/User/Downloads/sistema_frequencia/vendor/laravel/framework/src/Illuminate/Database/Connection.php(344): Illuminate/Database/Connection->select()
#13 C:/Users/User/Downloads/sistema_frequencia/vendor/laravel/framework/src/Illuminate/Database/Connection.php(361): Illuminate/Database/Connection->selectOne()
#14 C:/Users/User/Downloads/sistema_frequencia/vendor/laravel/framework/src/Illuminate/Database/Schema/MySqlBuilder.php(45): Illuminate/Database/Connection->scalar()
#15 C:/Users/User/Downloads/sistema_frequencia/vendor/laravel/framework/src/Illuminate/Database/Migrations/DatabaseMigrationRepository.php(184): Illuminate/Database/Schema/MySqlBuilder->hasTable()
#16 C:/Users/User/Downloads/sistema_frequencia/vendor/laravel/framework/src/Illuminate/Database/Migrations/Migrator.php(742): Illuminate/Database/Migrations/DatabaseMigrationRepository->repositoryExists()
#17 C:/Users/User/Downloads/sistema_frequencia/vendor/laravel/framework/src/Illuminate/Database/Console/Migrations/MigrateCommand.php(165): Illuminate/Database/Migrations/Migrator->repositoryExists()
#18 C:/Users/User/Downloads/sistema_frequencia/vendor/laravel/framework/src/Illuminate/Support/helpers.php(338): Illuminate/Database/Console/Migrations/MigrateCommand->{closure:Illuminate/Database/Console/Migrations/MigrateCommand::repositoryExists():165}()
#19 C:/Users/User/Downloads/sistema_frequencia/vendor/laravel/framework/src/Illuminate/Database/Console/Migrations/MigrateCommand.php(165): retry()
#20 C:/Users/User/Downloads/sistema_frequencia/vendor/laravel/framework/src/Illuminate/Database/Console/Migrations/MigrateCommand.php(141): Illuminate/Database/Console/Migrations/MigrateCommand->repositoryExists()
#21 C:/Users/User/Downloads/sistema_frequencia/vendor/laravel/framework/src/Illuminate/Database/Console/Migrations/MigrateCommand.php(111): Illuminate/Database/Console/Migrations/MigrateCommand->prepareDatabase()
#22 C:/Users/User/Downloads/sistema_frequencia/vendor/laravel/framework/src/Illuminate/Database/Migrations/Migrator.php(658): Illuminate/Database/Console/Migrations/MigrateCommand->{closure:Illuminate/Database/Console/Migrations/MigrateCommand::runMigrations():110}()
#23 C:/Users/User/Downloads/sistema_frequencia/vendor/laravel/framework/src/Illuminate/Database/Console/Migrations/MigrateCommand.php(110): Illuminate/Database/Migrations/Migrator->usingConnection()
#24 C:/Users/User/Downloads/sistema_frequencia/vendor/laravel/framework/src/Illuminate/Database/Console/Migrations/MigrateCommand.php(89): Illuminate/Database/Console/Migrations/MigrateCommand->runMigrations()
#25 C:/Users/User/Downloads/sistema_frequencia/vendor/laravel/framework/src/Illuminate/Container/BoundMethod.php(36): Illuminate/Database/Console/Migrations/MigrateCommand->handle()
#26 C:/Users/User/Downloads/sistema_frequencia/vendor/laravel/framework/src/Illuminate/Container/Util.php(43): Illuminate/Container/BoundMethod::{closure:Illuminate/Container/BoundMethod::call():35}()
#27 C:/Users/User/Downloads/sistema_frequencia/vendor/laravel/framework/src/Illuminate/Container/BoundMethod.php(95): Illuminate/Container/Util::unwrapIfClosure()
#28 C:/Users/User/Downloads/sistema_frequencia/vendor/laravel/framework/src/Illuminate/Container/BoundMethod.php(35): Illuminate/Container/BoundMethod::callBoundMethod()
#29 C:/Users/User/Downloads/sistema_frequencia/vendor/laravel/framework/src/Illuminate/Container/Container.php(696): Illuminate/Container/BoundMethod::call()
#30 C:/Users/User/Downloads/sistema_frequencia/vendor/laravel/framework/src/Illuminate/Console/Command.php(213): Illuminate/Container/Container->call()
#31 C:/Users/User/Downloads/sistema_frequencia/vendor/symfony/console/Command/Command.php(341): Illuminate/Console/Command->execute()
#32 C:/Users/User/Downloads/sistema_frequencia/vendor/laravel/framework/src/Illuminate/Console/Command.php(182): Symfony/Component/Console/Command/Command->run()
#33 C:/Users/User/Downloads/sistema_frequencia/vendor/symfony/console/Application.php(1102): Illuminate/Console/Command->run()
#34 C:/Users/User/Downloads/sistema_frequencia/vendor/symfony/console/Application.php(356): Symfony/Component/Console/Application->doRunCommand()
#35 C:/Users/User/Downloads/sistema_frequencia/vendor/symfony/console/Application.php(195): Symfony/Component/Console/Application->doRun()
#36 C:/Users/User/Downloads/sistema_frequencia/vendor/laravel/framework/src/Illuminate/Foundation/Console/Kernel.php(198): Symfony/Component/Console/Application->run()
#37 C:/Users/User/Downloads/sistema_frequencia/vendor/laravel/framework/src/Illuminate/Foundation/Application.php(1235): Illuminate/Foundation/Console/Kernel->handle()
#38 C:/Users/User/Downloads/sistema_frequencia/artisan(12): Illuminate/Foundation/Application->handleCommand()
#39 {main}
"} 
[2026-01-05 18:09:47] local.ERROR: Command "run" is not defined.

Did you mean one of these?
    cache:prune-stale-tags
    model:prune
    queue:prune-batches
    queue:prune-failed
    schedule:run {"exception":"[object] (Symfony\\Component\\Console\\Exception\\CommandNotFoundException(code: 0): Command \"run\" is not defined.

Did you mean one of these?
    cache:prune-stale-tags
    model:prune
    queue:prune-batches
    queue:prune-failed
    schedule:run at C:/Users/User/Downloads/sistema_frequencia/vendor/symfony/console/Application.php:759)
[stacktrace]
#0 C:/Users/User/Downloads/sistema_frequencia/vendor/symfony/console/Application.php(298): Symfony/Component/Console/Application->find()
#1 C:/Users/User/Downloads/sistema_frequencia/vendor/symfony/console/Application.php(195): Symfony/Component/Console/Application->doRun()
#2 C:/Users/User/Downloads/sistema_frequencia/vendor/laravel/framework/src/Illuminate/Foundation/Console/Kernel.php(198): Symfony/Component/Console/Application->run()
#3 C:/Users/User/Downloads/sistema_frequencia/vendor/laravel/framework/src/Illuminate/Foundation/Application.php(1235): Illuminate/Foundation/Console/Kernel->handle()
#4 C:/Users/User/Downloads/sistema_frequencia/artisan(12): Illuminate/Foundation/Application->handleCommand()
#5 {main}
"} 
[2026-01-05 18:57:17] local.ERROR: Database connection [postgresql] not configured. {"exception":"[object] (InvalidArgumentException(code: 0): Database connection [postgresql] not configured. at C:/Users/User/Downloads/sistema_frequencia/vendor/laravel/framework/src/Illuminate/Database/DatabaseManager.php:227)
[stacktrace]
#0 C:/Users/User/Downloads/sistema_frequencia/vendor/laravel/framework/src/Illuminate/Database/DatabaseManager.php(191): Illuminate/Database/DatabaseManager->configuration()
#1 C:/Users/User/Downloads/sistema_frequencia/vendor/laravel/framework/src/Illuminate/Database/DatabaseManager.php(103): Illuminate/Database/DatabaseManager->makeConnection()
#2 C:/Users/User/Downloads/sistema_frequencia/vendor/laravel/framework/src/Illuminate/Database/Migrations/DatabaseMigrationRepository.php(226): Illuminate/Database/DatabaseManager->connection()
#3 C:/Users/User/Downloads/sistema_frequencia/vendor/laravel/framework/src/Illuminate/Database/Migrations/DatabaseMigrationRepository.php(182): Illuminate/Database/Migrations/DatabaseMigrationRepository->getConnection()
#4 C:/Users/User/Downloads/sistema_frequencia/vendor/laravel/framework/src/Illuminate/Database/Migrations/Migrator.php(742): Illuminate/Database/Migrations/DatabaseMigrationRepository->repositoryExists()
#5 C:/Users/User/Downloads/sistema_frequencia/vendor/laravel/framework/src/Illuminate/Database/Console/Migrations/MigrateCommand.php(165): Illuminate/Database/Migrations/Migrator->repositoryExists()
#6 C:/Users/User/Downloads/sistema_frequencia/vendor/laravel/framework/src/Illuminate/Support/helpers.php(338): Illuminate/Database/Console/Migrations/MigrateCommand->{closure:Illuminate/Database/Console/Migrations/MigrateCommand::repositoryExists():165}()
#7 C:/Users/User/Downloads/sistema_frequencia/vendor/laravel/framework/src/Illuminate/Database/Console/Migrations/MigrateCommand.php(165): retry()
#8 C:/Users/User/Downloads/sistema_frequencia/vendor/laravel/framework/src/Illuminate/Database/Console/Migrations/MigrateCommand.php(141): Illuminate/Database/Console/Migrations/MigrateCommand->repositoryExists()
#9 C:/Users/User/Downloads/sistema_frequencia/vendor/laravel/framework/src/Illuminate/Database/Console/Migrations/MigrateCommand.php(111): Illuminate/Database/Console/Migrations/MigrateCommand->prepareDatabase()
#10 C:/Users/User/Downloads/sistema_frequencia/vendor/laravel/framework/src/Illuminate/Database/Migrations/Migrator.php(658): Illuminate/Database/Console/Migrations/MigrateCommand->{closure:Illuminate/Database/Console/Migrations/MigrateCommand::runMigrations():110}()
#11 C:/Users/User/Downloads/sistema_frequencia/vendor/laravel/framework/src/Illuminate/Database/Console/Migrations/MigrateCommand.php(110): Illuminate/Database/Migrations/Migrator->usingConnection()
#12 C:/Users/User/Downloads/sistema_frequencia/vendor/laravel/framework/src/Illuminate/Database/Console/Migrations/MigrateCommand.php(89): Illuminate/Database/Console/Migrations/MigrateCommand->runMigrations()
#13 C:/Users/User/Downloads/sistema_frequencia/vendor/laravel/framework/src/Illuminate/Container/BoundMethod.php(36): Illuminate/Database/Console/Migrations/MigrateCommand->handle()
#14 C:/Users/User/Downloads/sistema_frequencia/vendor/laravel/framework/src/Illuminate/Container/Util.php(43): Illuminate/Container/BoundMethod::{closure:Illuminate/Container/BoundMethod::call():35}()
#15 C:/Users/User/Downloads/sistema_frequencia/vendor/laravel/framework/src/Illuminate/Container/BoundMethod.php(95): Illuminate/Container/Util::unwrapIfClosure()
#16 C:/Users/User/Downloads/sistema_frequencia/vendor/laravel/framework/src/Illuminate/Container/BoundMethod.php(35): Illuminate/Container/BoundMethod::callBoundMethod()
#17 C:/Users/User/Downloads/sistema_frequencia/vendor/laravel/framework/src/Illuminate/Container/Container.php(696): Illuminate/Container/BoundMethod::call()
#18 C:/Users/User/Downloads/sistema_frequencia/vendor/laravel/framework/src/Illuminate/Console/Command.php(213): Illuminate/Container/Container->call()
#19 C:/Users/User/Downloads/sistema_frequencia/vendor/symfony/console/Command/Command.php(341): Illuminate/Console/Command->execute()
#20 C:/Users/User/Downloads/sistema_frequencia/vendor/laravel/framework/src/Illuminate/Console/Command.php(182): Symfony/Component/Console/Command/Command->run()
#21 C:/Users/User/Downloads/sistema_frequencia/vendor/symfony/console/Application.php(1102): Illuminate/Console/Command->run()
#22 C:/Users/User/Downloads/sistema_frequencia/vendor/symfony/console/Application.php(356): Symfony/Component/Console/Application->doRunCommand()
#23 C:/Users/User/Downloads/sistema_frequencia/vendor/symfony/console/Application.php(195): Symfony/Component/Console/Application->doRun()
#24 C:/Users/User/Downloads/sistema_frequencia/vendor/laravel/framework/src/Illuminate/Foundation/Console/Kernel.php(198): Symfony/Component/Console/Application->run()
#25 C:/Users/User/Downloads/sistema_frequencia/vendor/laravel/framework/src/Illuminate/Foundation/Application.php(1235): Illuminate/Foundation/Console/Kernel->handle()
#26 C:/Users/User/Downloads/sistema_frequencia/artisan(12): Illuminate/Foundation/Application->handleCommand()
#27 {main}
"} 
[2026-01-05 18:59:06] local.ERROR: could not find driver (Connection: pgsql, SQL: select exists (select 1 from pg_class c, pg_namespace n where n.nspname = 'public' and c.relname = 'migrations' and c.relkind in ('r', 'p') and n.oid = c.relnamespace)) {"exception":"[object] (Illuminate\\Database\\QueryException(code: 0): could not find driver (Connection: pgsql, SQL: select exists (select 1 from pg_class c, pg_namespace n where n.nspname = 'public' and c.relname = 'migrations' and c.relkind in ('r', 'p') and n.oid = c.relnamespace)) at C:/Users/User/Downloads/sistema_frequencia/vendor/laravel/framework/src/Illuminate/Database/Connection.php:825)
[stacktrace]
#0 C:/Users/User/Downloads/sistema_frequencia/vendor/laravel/framework/src/Illuminate/Database/Connection.php(779): Illuminate/Database/Connection->runQueryCallback()
#1 C:/Users/User/Downloads/sistema_frequencia/vendor/laravel/framework/src/Illuminate/Database/Connection.php(398): Illuminate/Database/Connection->run()
#2 C:/Users/User/Downloads/sistema_frequencia/vendor/laravel/framework/src/Illuminate/Database/Connection.php(344): Illuminate/Database/Connection->select()
#3 C:/Users/User/Downloads/sistema_frequencia/vendor/laravel/framework/src/Illuminate/Database/Connection.php(361): Illuminate/Database/Connection->selectOne()
#4 C:/Users/User/Downloads/sistema_frequencia/vendor/laravel/framework/src/Illuminate/Database/Schema/PostgresBuilder.php(52): Illuminate/Database/Connection->scalar()
#5 C:/Users/User/Downloads/sistema_frequencia/vendor/laravel/framework/src/Illuminate/Database/Migrations/DatabaseMigrationRepository.php(184): Illuminate/Database/Schema/PostgresBuilder->hasTable()
#6 C:/Users/User/Downloads/sistema_frequencia/vendor/laravel/framework/src/Illuminate/Database/Migrations/Migrator.php(742): Illuminate/Database/Migrations/DatabaseMigrationRepository->repositoryExists()
#7 C:/Users/User/Downloads/sistema_frequencia/vendor/laravel/framework/src/Illuminate/Database/Console/Migrations/MigrateCommand.php(165): Illuminate/Database/Migrations/Migrator->repositoryExists()
#8 C:/Users/User/Downloads/sistema_frequencia/vendor/laravel/framework/src/Illuminate/Support/helpers.php(338): Illuminate/Database/Console/Migrations/MigrateCommand->{closure:Illuminate/Database/Console/Migrations/MigrateCommand::repositoryExists():165}()
#9 C:/Users/User/Downloads/sistema_frequencia/vendor/laravel/framework/src/Illuminate/Database/Console/Migrations/MigrateCommand.php(165): retry()
#10 C:/Users/User/Downloads/sistema_frequencia/vendor/laravel/framework/src/Illuminate/Database/Console/Migrations/MigrateCommand.php(141): Illuminate/Database/Console/Migrations/MigrateCommand->repositoryExists()
#11 C:/Users/User/Downloads/sistema_frequencia/vendor/laravel/framework/src/Illuminate/Database/Console/Migrations/MigrateCommand.php(111): Illuminate/Database/Console/Migrations/MigrateCommand->prepareDatabase()
#12 C:/Users/User/Downloads/sistema_frequencia/vendor/laravel/framework/src/Illuminate/Database/Migrations/Migrator.php(658): Illuminate/Database/Console/Migrations/MigrateCommand->{closure:Illuminate/Database/Console/Migrations/MigrateCommand::runMigrations():110}()
#13 C:/Users/User/Downloads/sistema_frequencia/vendor/laravel/framework/src/Illuminate/Database/Console/Migrations/MigrateCommand.php(110): Illuminate/Database/Migrations/Migrator->usingConnection()
#14 C:/Users/User/Downloads/sistema_frequencia/vendor/laravel/framework/src/Illuminate/Database/Console/Migrations/MigrateCommand.php(89): Illuminate/Database/Console/Migrations/MigrateCommand->runMigrations()
#15 C:/Users/User/Downloads/sistema_frequencia/vendor/laravel/framework/src/Illuminate/Container/BoundMethod.php(36): Illuminate/Database/Console/Migrations/MigrateCommand->handle()
#16 C:/Users/User/Downloads/sistema_frequencia/vendor/laravel/framework/src/Illuminate/Container/Util.php(43): Illuminate/Container/BoundMethod::{closure:Illuminate/Container/BoundMethod::call():35}()
#17 C:/Users/User/Downloads/sistema_frequencia/vendor/laravel/framework/src/Illuminate/Container/BoundMethod.php(95): Illuminate/Container/Util::unwrapIfClosure()
#18 C:/Users/User/Downloads/sistema_frequencia/vendor/laravel/framework/src/Illuminate/Container/BoundMethod.php(35): Illuminate/Container/BoundMethod::callBoundMethod()
#19 C:/Users/User/Downloads/sistema_frequencia/vendor/laravel/framework/src/Illuminate/Container/Container.php(696): Illuminate/Container/BoundMethod::call()
#20 C:/Users/User/Downloads/sistema_frequencia/vendor/laravel/framework/src/Illuminate/Console/Command.php(213): Illuminate/Container/Container->call()
#21 C:/Users/User/Downloads/sistema_frequencia/vendor/symfony/console/Command/Command.php(341): Illuminate/Console/Command->execute()
#22 C:/Users/User/Downloads/sistema_frequencia/vendor/laravel/framework/src/Illuminate/Console/Command.php(182): Symfony/Component/Console/Command/Command->run()
#23 C:/Users/User/Downloads/sistema_frequencia/vendor/symfony/console/Application.php(1102): Illuminate/Console/Command->run()
#24 C:/Users/User/Downloads/sistema_frequencia/vendor/symfony/console/Application.php(356): Symfony/Component/Console/Application->doRunCommand()
#25 C:/Users/User/Downloads/sistema_frequencia/vendor/symfony/console/Application.php(195): Symfony/Component/Console/Application->doRun()
#26 C:/Users/User/Downloads/sistema_frequencia/vendor/laravel/framework/src/Illuminate/Foundation/Console/Kernel.php(198): Symfony/Component/Console/Application->run()
#27 C:/Users/User/Downloads/sistema_frequencia/vendor/laravel/framework/src/Illuminate/Foundation/Application.php(1235): Illuminate/Foundation/Console/Kernel->handle()
#28 C:/Users/User/Downloads/sistema_frequencia/artisan(12): Illuminate/Foundation/Application->handleCommand()
#29 {main}

[previous exception] [object] (PDOException(code: 0): could not find driver at C:/Users/User/Downloads/sistema_frequencia/vendor/laravel/framework/src/Illuminate/Database/Connectors/Connector.php:67)
[stacktrace]
#0 C:/Users/User/Downloads/sistema_frequencia/vendor/laravel/framework/src/Illuminate/Database/Connectors/Connector.php(67): PDO::connect()
#1 C:/Users/User/Downloads/sistema_frequencia/vendor/laravel/framework/src/Illuminate/Database/Connectors/Connector.php(44): Illuminate/Database/Connectors/Connector->createPdoConnection()
#2 C:/Users/User/Downloads/sistema_frequencia/vendor/laravel/framework/src/Illuminate/Database/Connectors/PostgresConnector.php(35): Illuminate/Database/Connectors/Connector->createConnection()
#3 C:/Users/User/Downloads/sistema_frequencia/vendor/laravel/framework/src/Illuminate/Database/Connectors/ConnectionFactory.php(185): Illuminate/Database/Connectors/PostgresConnector->connect()
#4 [internal function]: Illuminate/Database/Connectors/ConnectionFactory->{closure:Illuminate/Database/Connectors/ConnectionFactory::createPdoResolverWithHosts():180}()
#5 C:/Users/User/Downloads/sistema_frequencia/vendor/laravel/framework/src/Illuminate/Database/Connection.php(1231): call_user_func()
#6 C:/Users/User/Downloads/sistema_frequencia/vendor/laravel/framework/src/Illuminate/Database/Connection.php(1267): Illuminate/Database/Connection->getPdo()
#7 C:/Users/User/Downloads/sistema_frequencia/vendor/laravel/framework/src/Illuminate/Database/Connection.php(512): Illuminate/Database/Connection->getReadPdo()
#8 C:/Users/User/Downloads/sistema_frequencia/vendor/laravel/framework/src/Illuminate/Database/Connection.php(407): Illuminate/Database/Connection->getPdoForSelect()
#9 C:/Users/User/Downloads/sistema_frequencia/vendor/laravel/framework/src/Illuminate/Database/Connection.php(812): Illuminate/Database/Connection->{closure:Illuminate/Database/Connection::select():398}()
#10 C:/Users/User/Downloads/sistema_frequencia/vendor/laravel/framework/src/Illuminate/Database/Connection.php(779): Illuminate/Database/Connection->runQueryCallback()
#11 C:/Users/User/Downloads/sistema_frequencia/vendor/laravel/framework/src/Illuminate/Database/Connection.php(398): Illuminate/Database/Connection->run()
#12 C:/Users/User/Downloads/sistema_frequencia/vendor/laravel/framework/src/Illuminate/Database/Connection.php(344): Illuminate/Database/Connection->select()
#13 C:/Users/User/Downloads/sistema_frequencia/vendor/laravel/framework/src/Illuminate/Database/Connection.php(361): Illuminate/Database/Connection->selectOne()
#14 C:/Users/User/Downloads/sistema_frequencia/vendor/laravel/framework/src/Illuminate/Database/Schema/PostgresBuilder.php(52): Illuminate/Database/Connection->scalar()
#15 C:/Users/User/Downloads/sistema_frequencia/vendor/laravel/framework/src/Illuminate/Database/Migrations/DatabaseMigrationRepository.php(184): Illuminate/Database/Schema/PostgresBuilder->hasTable()
#16 C:/Users/User/Downloads/sistema_frequencia/vendor/laravel/framework/src/Illuminate/Database/Migrations/Migrator.php(742): Illuminate/Database/Migrations/DatabaseMigrationRepository->repositoryExists()
#17 C:/Users/User/Downloads/sistema_frequencia/vendor/laravel/framework/src/Illuminate/Database/Console/Migrations/MigrateCommand.php(165): Illuminate/Database/Migrations/Migrator->repositoryExists()
#18 C:/Users/User/Downloads/sistema_frequencia/vendor/laravel/framework/src/Illuminate/Support/helpers.php(338): Illuminate/Database/Console/Migrations/MigrateCommand->{closure:Illuminate/Database/Console/Migrations/MigrateCommand::repositoryExists():165}()
#19 C:/Users/User/Downloads/sistema_frequencia/vendor/laravel/framework/src/Illuminate/Database/Console/Migrations/MigrateCommand.php(165): retry()
#20 C:/Users/User/Downloads/sistema_frequencia/vendor/laravel/framework/src/Illuminate/Database/Console/Migrations/MigrateCommand.php(141): Illuminate/Database/Console/Migrations/MigrateCommand->repositoryExists()
#21 C:/Users/User/Downloads/sistema_frequencia/vendor/laravel/framework/src/Illuminate/Database/Console/Migrations/MigrateCommand.php(111): Illuminate/Database/Console/Migrations/MigrateCommand->prepareDatabase()
#22 C:/Users/User/Downloads/sistema_frequencia/vendor/laravel/framework/src/Illuminate/Database/Migrations/Migrator.php(658): Illuminate/Database/Console/Migrations/MigrateCommand->{closure:Illuminate/Database/Console/Migrations/MigrateCommand::runMigrations():110}()
#23 C:/Users/User/Downloads/sistema_frequencia/vendor/laravel/framework/src/Illuminate/Database/Console/Migrations/MigrateCommand.php(110): Illuminate/Database/Migrations/Migrator->usingConnection()
#24 C:/Users/User/Downloads/sistema_frequencia/vendor/laravel/framework/src/Illuminate/Database/Console/Migrations/MigrateCommand.php(89): Illuminate/Database/Console/Migrations/MigrateCommand->runMigrations()
#25 C:/Users/User/Downloads/sistema_frequencia/vendor/laravel/framework/src/Illuminate/Container/BoundMethod.php(36): Illuminate/Database/Console/Migrations/MigrateCommand->handle()
#26 C:/Users/User/Downloads/sistema_frequencia/vendor/laravel/framework/src/Illuminate/Container/Util.php(43): Illuminate/Container/BoundMethod::{closure:Illuminate/Container/BoundMethod::call():35}()
#27 C:/Users/User/Downloads/sistema_frequencia/vendor/laravel/framework/src/Illuminate/Container/BoundMethod.php(95): Illuminate/Container/Util::unwrapIfClosure()
#28 C:/Users/User/Downloads/sistema_frequencia/vendor/laravel/framework/src/Illuminate/Container/BoundMethod.php(35): Illuminate/Container/BoundMethod::callBoundMethod()
#29 C:/Users/User/Downloads/sistema_frequencia/vendor/laravel/framework/src/Illuminate/Container/Container.php(696): Illuminate/Container/BoundMethod::call()
#30 C:/Users/User/Downloads/sistema_frequencia/vendor/laravel/framework/src/Illuminate/Console/Command.php(213): Illuminate/Container/Container->call()
#31 C:/Users/User/Downloads/sistema_frequencia/vendor/symfony/console/Command/Command.php(341): Illuminate/Console/Command->execute()
#32 C:/Users/User/Downloads/sistema_frequencia/vendor/laravel/framework/src/Illuminate/Console/Command.php(182): Symfony/Component/Console/Command/Command->run()
#33 C:/Users/User/Downloads/sistema_frequencia/vendor/symfony/console/Application.php(1102): Illuminate/Console/Command->run()
#34 C:/Users/User/Downloads/sistema_frequencia/vendor/symfony/console/Application.php(356): Symfony/Component/Console/Application->doRunCommand()
#35 C:/Users/User/Downloads/sistema_frequencia/vendor/symfony/console/Application.php(195): Symfony/Component/Console/Application->doRun()
#36 C:/Users/User/Downloads/sistema_frequencia/vendor/laravel/framework/src/Illuminate/Foundation/Console/Kernel.php(198): Symfony/Component/Console/Application->run()
#37 C:/Users/User/Downloads/sistema_frequencia/vendor/laravel/framework/src/Illuminate/Foundation/Application.php(1235): Illuminate/Foundation/Console/Kernel->handle()
#38 C:/Users/User/Downloads/sistema_frequencia/artisan(12): Illuminate/Foundation/Application->handleCommand()
#39 {main}
"} 
[2026-01-05 18:59:32] local.ERROR: could not find driver (Connection: pgsql, SQL: select exists (select 1 from pg_class c, pg_namespace n where n.nspname = 'public' and c.relname = 'migrations' and c.relkind in ('r', 'p') and n.oid = c.relnamespace)) {"exception":"[object] (Illuminate\\Database\\QueryException(code: 0): could not find driver (Connection: pgsql, SQL: select exists (select 1 from pg_class c, pg_namespace n where n.nspname = 'public' and c.relname = 'migrations' and c.relkind in ('r', 'p') and n.oid = c.relnamespace)) at C:/Users/User/Downloads/sistema_frequencia/vendor/laravel/framework/src/Illuminate/Database/Connection.php:825)
[stacktrace]
#0 C:/Users/User/Downloads/sistema_frequencia/vendor/laravel/framework/src/Illuminate/Database/Connection.php(779): Illuminate/Database/Connection->runQueryCallback()
#1 C:/Users/User/Downloads/sistema_frequencia/vendor/laravel/framework/src/Illuminate/Database/Connection.php(398): Illuminate/Database/Connection->run()
#2 C:/Users/User/Downloads/sistema_frequencia/vendor/laravel/framework/src/Illuminate/Database/Connection.php(344): Illuminate/Database/Connection->select()
#3 C:/Users/User/Downloads/sistema_frequencia/vendor/laravel/framework/src/Illuminate/Database/Connection.php(361): Illuminate/Database/Connection->selectOne()
#4 C:/Users/User/Downloads/sistema_frequencia/vendor/laravel/framework/src/Illuminate/Database/Schema/PostgresBuilder.php(52): Illuminate/Database/Connection->scalar()
#5 C:/Users/User/Downloads/sistema_frequencia/vendor/laravel/framework/src/Illuminate/Database/Migrations/DatabaseMigrationRepository.php(184): Illuminate/Database/Schema/PostgresBuilder->hasTable()
#6 C:/Users/User/Downloads/sistema_frequencia/vendor/laravel/framework/src/Illuminate/Database/Migrations/Migrator.php(742): Illuminate/Database/Migrations/DatabaseMigrationRepository->repositoryExists()
#7 C:/Users/User/Downloads/sistema_frequencia/vendor/laravel/framework/src/Illuminate/Database/Console/Migrations/MigrateCommand.php(165): Illuminate/Database/Migrations/Migrator->repositoryExists()
#8 C:/Users/User/Downloads/sistema_frequencia/vendor/laravel/framework/src/Illuminate/Support/helpers.php(338): Illuminate/Database/Console/Migrations/MigrateCommand->{closure:Illuminate/Database/Console/Migrations/MigrateCommand::repositoryExists():165}()
#9 C:/Users/User/Downloads/sistema_frequencia/vendor/laravel/framework/src/Illuminate/Database/Console/Migrations/MigrateCommand.php(165): retry()
#10 C:/Users/User/Downloads/sistema_frequencia/vendor/laravel/framework/src/Illuminate/Database/Console/Migrations/MigrateCommand.php(141): Illuminate/Database/Console/Migrations/MigrateCommand->repositoryExists()
#11 C:/Users/User/Downloads/sistema_frequencia/vendor/laravel/framework/src/Illuminate/Database/Console/Migrations/MigrateCommand.php(111): Illuminate/Database/Console/Migrations/MigrateCommand->prepareDatabase()
#12 C:/Users/User/Downloads/sistema_frequencia/vendor/laravel/framework/src/Illuminate/Database/Migrations/Migrator.php(658): Illuminate/Database/Console/Migrations/MigrateCommand->{closure:Illuminate/Database/Console/Migrations/MigrateCommand::runMigrations():110}()
#13 C:/Users/User/Downloads/sistema_frequencia/vendor/laravel/framework/src/Illuminate/Database/Console/Migrations/MigrateCommand.php(110): Illuminate/Database/Migrations/Migrator->usingConnection()
#14 C:/Users/User/Downloads/sistema_frequencia/vendor/laravel/framework/src/Illuminate/Database/Console/Migrations/MigrateCommand.php(89): Illuminate/Database/Console/Migrations/MigrateCommand->runMigrations()
#15 C:/Users/User/Downloads/sistema_frequencia/vendor/laravel/framework/src/Illuminate/Container/BoundMethod.php(36): Illuminate/Database/Console/Migrations/MigrateCommand->handle()
#16 C:/Users/User/Downloads/sistema_frequencia/vendor/laravel/framework/src/Illuminate/Container/Util.php(43): Illuminate/Container/BoundMethod::{closure:Illuminate/Container/BoundMethod::call():35}()
#17 C:/Users/User/Downloads/sistema_frequencia/vendor/laravel/framework/src/Illuminate/Container/BoundMethod.php(95): Illuminate/Container/Util::unwrapIfClosure()
#18 C:/Users/User/Downloads/sistema_frequencia/vendor/laravel/framework/src/Illuminate/Container/BoundMethod.php(35): Illuminate/Container/BoundMethod::callBoundMethod()
#19 C:/Users/User/Downloads/sistema_frequencia/vendor/laravel/framework/src/Illuminate/Container/Container.php(696): Illuminate/Container/BoundMethod::call()
#20 C:/Users/User/Downloads/sistema_frequencia/vendor/laravel/framework/src/Illuminate/Console/Command.php(213): Illuminate/Container/Container->call()
#21 C:/Users/User/Downloads/sistema_frequencia/vendor/symfony/console/Command/Command.php(341): Illuminate/Console/Command->execute()
#22 C:/Users/User/Downloads/sistema_frequencia/vendor/laravel/framework/src/Illuminate/Console/Command.php(182): Symfony/Component/Console/Command/Command->run()
#23 C:/Users/User/Downloads/sistema_frequencia/vendor/symfony/console/Application.php(1102): Illuminate/Console/Command->run()
#24 C:/Users/User/Downloads/sistema_frequencia/vendor/symfony/console/Application.php(356): Symfony/Component/Console/Application->doRunCommand()
#25 C:/Users/User/Downloads/sistema_frequencia/vendor/symfony/console/Application.php(195): Symfony/Component/Console/Application->doRun()
#26 C:/Users/User/Downloads/sistema_frequencia/vendor/laravel/framework/src/Illuminate/Foundation/Console/Kernel.php(198): Symfony/Component/Console/Application->run()
#27 C:/Users/User/Downloads/sistema_frequencia/vendor/laravel/framework/src/Illuminate/Foundation/Application.php(1235): Illuminate/Foundation/Console/Kernel->handle()
#28 C:/Users/User/Downloads/sistema_frequencia/artisan(12): Illuminate/Foundation/Application->handleCommand()
#29 {main}

[previous exception] [object] (PDOException(code: 0): could not find driver at C:/Users/User/Downloads/sistema_frequencia/vendor/laravel/framework/src/Illuminate/Database/Connectors/Connector.php:67)
[stacktrace]
#0 C:/Users/User/Downloads/sistema_frequencia/vendor/laravel/framework/src/Illuminate/Database/Connectors/Connector.php(67): PDO::connect()
#1 C:/Users/User/Downloads/sistema_frequencia/vendor/laravel/framework/src/Illuminate/Database/Connectors/Connector.php(44): Illuminate/Database/Connectors/Connector->createPdoConnection()
#2 C:/Users/User/Downloads/sistema_frequencia/vendor/laravel/framework/src/Illuminate/Database/Connectors/PostgresConnector.php(35): Illuminate/Database/Connectors/Connector->createConnection()
#3 C:/Users/User/Downloads/sistema_frequencia/vendor/laravel/framework/src/Illuminate/Database/Connectors/ConnectionFactory.php(185): Illuminate/Database/Connectors/PostgresConnector->connect()
#4 [internal function]: Illuminate/Database/Connectors/ConnectionFactory->{closure:Illuminate/Database/Connectors/ConnectionFactory::createPdoResolverWithHosts():180}()
#5 C:/Users/User/Downloads/sistema_frequencia/vendor/laravel/framework/src/Illuminate/Database/Connection.php(1231): call_user_func()
#6 C:/Users/User/Downloads/sistema_frequencia/vendor/laravel/framework/src/Illuminate/Database/Connection.php(1267): Illuminate/Database/Connection->getPdo()
#7 C:/Users/User/Downloads/sistema_frequencia/vendor/laravel/framework/src/Illuminate/Database/Connection.php(512): Illuminate/Database/Connection->getReadPdo()
#8 C:/Users/User/Downloads/sistema_frequencia/vendor/laravel/framework/src/Illuminate/Database/Connection.php(407): Illuminate/Database/Connection->getPdoForSelect()
#9 C:/Users/User/Downloads/sistema_frequencia/vendor/laravel/framework/src/Illuminate/Database/Connection.php(812): Illuminate/Database/Connection->{closure:Illuminate/Database/Connection::select():398}()
#10 C:/Users/User/Downloads/sistema_frequencia/vendor/laravel/framework/src/Illuminate/Database/Connection.php(779): Illuminate/Database/Connection->runQueryCallback()
#11 C:/Users/User/Downloads/sistema_frequencia/vendor/laravel/framework/src/Illuminate/Database/Connection.php(398): Illuminate/Database/Connection->run()
#12 C:/Users/User/Downloads/sistema_frequencia/vendor/laravel/framework/src/Illuminate/Database/Connection.php(344): Illuminate/Database/Connection->select()
#13 C:/Users/User/Downloads/sistema_frequencia/vendor/laravel/framework/src/Illuminate/Database/Connection.php(361): Illuminate/Database/Connection->selectOne()
#14 C:/Users/User/Downloads/sistema_frequencia/vendor/laravel/framework/src/Illuminate/Database/Schema/PostgresBuilder.php(52): Illuminate/Database/Connection->scalar()
#15 C:/Users/User/Downloads/sistema_frequencia/vendor/laravel/framework/src/Illuminate/Database/Migrations/DatabaseMigrationRepository.php(184): Illuminate/Database/Schema/PostgresBuilder->hasTable()
#16 C:/Users/User/Downloads/sistema_frequencia/vendor/laravel/framework/src/Illuminate/Database/Migrations/Migrator.php(742): Illuminate/Database/Migrations/DatabaseMigrationRepository->repositoryExists()
#17 C:/Users/User/Downloads/sistema_frequencia/vendor/laravel/framework/src/Illuminate/Database/Console/Migrations/MigrateCommand.php(165): Illuminate/Database/Migrations/Migrator->repositoryExists()
#18 C:/Users/User/Downloads/sistema_frequencia/vendor/laravel/framework/src/Illuminate/Support/helpers.php(338): Illuminate/Database/Console/Migrations/MigrateCommand->{closure:Illuminate/Database/Console/Migrations/MigrateCommand::repositoryExists():165}()
#19 C:/Users/User/Downloads/sistema_frequencia/vendor/laravel/framework/src/Illuminate/Database/Console/Migrations/MigrateCommand.php(165): retry()
#20 C:/Users/User/Downloads/sistema_frequencia/vendor/laravel/framework/src/Illuminate/Database/Console/Migrations/MigrateCommand.php(141): Illuminate/Database/Console/Migrations/MigrateCommand->repositoryExists()
#21 C:/Users/User/Downloads/sistema_frequencia/vendor/laravel/framework/src/Illuminate/Database/Console/Migrations/MigrateCommand.php(111): Illuminate/Database/Console/Migrations/MigrateCommand->prepareDatabase()
#22 C:/Users/User/Downloads/sistema_frequencia/vendor/laravel/framework/src/Illuminate/Database/Migrations/Migrator.php(658): Illuminate/Database/Console/Migrations/MigrateCommand->{closure:Illuminate/Database/Console/Migrations/MigrateCommand::runMigrations():110}()
#23 C:/Users/User/Downloads/sistema_frequencia/vendor/laravel/framework/src/Illuminate/Database/Console/Migrations/MigrateCommand.php(110): Illuminate/Database/Migrations/Migrator->usingConnection()
#24 C:/Users/User/Downloads/sistema_frequencia/vendor/laravel/framework/src/Illuminate/Database/Console/Migrations/MigrateCommand.php(89): Illuminate/Database/Console/Migrations/MigrateCommand->runMigrations()
#25 C:/Users/User/Downloads/sistema_frequencia/vendor/laravel/framework/src/Illuminate/Container/BoundMethod.php(36): Illuminate/Database/Console/Migrations/MigrateCommand->handle()
#26 C:/Users/User/Downloads/sistema_frequencia/vendor/laravel/framework/src/Illuminate/Container/Util.php(43): Illuminate/Container/BoundMethod::{closure:Illuminate/Container/BoundMethod::call():35}()
#27 C:/Users/User/Downloads/sistema_frequencia/vendor/laravel/framework/src/Illuminate/Container/BoundMethod.php(95): Illuminate/Container/Util::unwrapIfClosure()
#28 C:/Users/User/Downloads/sistema_frequencia/vendor/laravel/framework/src/Illuminate/Container/BoundMethod.php(35): Illuminate/Container/BoundMethod::callBoundMethod()
#29 C:/Users/User/Downloads/sistema_frequencia/vendor/laravel/framework/src/Illuminate/Container/Container.php(696): Illuminate/Container/BoundMethod::call()
#30 C:/Users/User/Downloads/sistema_frequencia/vendor/laravel/framework/src/Illuminate/Console/Command.php(213): Illuminate/Container/Container->call()
#31 C:/Users/User/Downloads/sistema_frequencia/vendor/symfony/console/Command/Command.php(341): Illuminate/Console/Command->execute()
#32 C:/Users/User/Downloads/sistema_frequencia/vendor/laravel/framework/src/Illuminate/Console/Command.php(182): Symfony/Component/Console/Command/Command->run()
#33 C:/Users/User/Downloads/sistema_frequencia/vendor/symfony/console/Application.php(1102): Illuminate/Console/Command->run()
#34 C:/Users/User/Downloads/sistema_frequencia/vendor/symfony/console/Application.php(356): Symfony/Component/Console/Application->doRunCommand()
#35 C:/Users/User/Downloads/sistema_frequencia/vendor/symfony/console/Application.php(195): Symfony/Component/Console/Application->doRun()
#36 C:/Users/User/Downloads/sistema_frequencia/vendor/laravel/framework/src/Illuminate/Foundation/Console/Kernel.php(198): Symfony/Component/Console/Application->run()
#37 C:/Users/User/Downloads/sistema_frequencia/vendor/laravel/framework/src/Illuminate/Foundation/Application.php(1235): Illuminate/Foundation/Console/Kernel->handle()
#38 C:/Users/User/Downloads/sistema_frequencia/artisan(12): Illuminate/Foundation/Application->handleCommand()
#39 {main}
"} 
[2026-01-05 19:02:01] local.ERROR: SQLSTATE[23505]: Unique violation: 7 ERRO:  duplicar valor da chave viola a restrio de unicidade "users_email_unique"
DETAIL:  Chave (email)=(setorial.saude@example.com) j existe. (Connection: pgsql, SQL: insert into "users" ("name", "email", "password", "setor_id", "role", "updated_at", "created_at") values (Usurio Setorial Sade, setorial.saude@example.com, $2y$12$uxGl87Gy0YZj2Cf6NZhbPeue3fm0q2chsntNMup6sfK4tqLB4R5me, 5, SETORIAL, 2026-01-05 19:02:01, 2026-01-05 19:02:01) returning "id") {"exception":"[object] (Illuminate\\Database\\UniqueConstraintViolationException(code: 23505): SQLSTATE[23505]: Unique violation: 7 ERRO:  duplicar valor da chave viola a restrio de unicidade \"users_email_unique\"
DETAIL:  Chave (email)=(setorial.saude@example.com) j existe. (Connection: pgsql, SQL: insert into \"users\" (\"name\", \"email\", \"password\", \"setor_id\", \"role\", \"updated_at\", \"created_at\") values (Usurio Setorial Sade, setorial.saude@example.com, $2y$12$uxGl87Gy0YZj2Cf6NZhbPeue3fm0q2chsntNMup6sfK4tqLB4R5me, 5, SETORIAL, 2026-01-05 19:02:01, 2026-01-05 19:02:01) returning \"id\") at C:/Users/User/Downloads/sistema_frequencia/vendor/laravel/framework/src/Illuminate/Database/Connection.php:820)
[stacktrace]
#0 C:/Users/User/Downloads/sistema_frequencia/vendor/laravel/framework/src/Illuminate/Database/Connection.php(779): Illuminate/Database/Connection->runQueryCallback()
#1 C:/Users/User/Downloads/sistema_frequencia/vendor/laravel/framework/src/Illuminate/Database/Connection.php(398): Illuminate/Database/Connection->run()
#2 C:/Users/User/Downloads/sistema_frequencia/vendor/laravel/framework/src/Illuminate/Database/Connection.php(385): Illuminate/Database/Connection->select()
#3 C:/Users/User/Downloads/sistema_frequencia/vendor/laravel/framework/src/Illuminate/Database/Query/Processors/PostgresProcessor.php(24): Illuminate/Database/Connection->selectFromWriteConnection()
#4 C:/Users/User/Downloads/sistema_frequencia/vendor/laravel/framework/src/Illuminate/Database/Query/Builder.php(3766): Illuminate/Database/Query/Processors/PostgresProcessor->processInsertGetId()
#5 C:/Users/User/Downloads/sistema_frequencia/vendor/laravel/framework/src/Illuminate/Database/Eloquent/Builder.php(2120): Illuminate/Database/Query/Builder->insertGetId()
#6 C:/Users/User/Downloads/sistema_frequencia/vendor/laravel/framework/src/Illuminate/Database/Eloquent/Model.php(1359): Illuminate/Database/Eloquent/Builder->__call()
#7 C:/Users/User/Downloads/sistema_frequencia/vendor/laravel/framework/src/Illuminate/Database/Eloquent/Model.php(1324): Illuminate/Database/Eloquent/Model->insertAndSetId()
#8 C:/Users/User/Downloads/sistema_frequencia/vendor/laravel/framework/src/Illuminate/Database/Eloquent/Model.php(1163): Illuminate/Database/Eloquent/Model->performInsert()
#9 C:/Users/User/Downloads/sistema_frequencia/vendor/laravel/framework/src/Illuminate/Database/Eloquent/Builder.php(1128): Illuminate/Database/Eloquent/Model->save()
#10 C:/Users/User/Downloads/sistema_frequencia/vendor/laravel/framework/src/Illuminate/Support/helpers.php(399): Illuminate/Database/Eloquent/Builder->{closure:Illuminate/Database/Eloquent/Builder::create():1127}()
#11 C:/Users/User/Downloads/sistema_frequencia/vendor/laravel/framework/src/Illuminate/Database/Eloquent/Builder.php(1127): tap()
#12 C:/Users/User/Downloads/sistema_frequencia/vendor/laravel/framework/src/Illuminate/Support/Traits/ForwardsCalls.php(23): Illuminate/Database/Eloquent/Builder->create()
#13 C:/Users/User/Downloads/sistema_frequencia/vendor/laravel/framework/src/Illuminate/Database/Eloquent/Model.php(2372): Illuminate/Database/Eloquent/Model->forwardCallTo()
#14 C:/Users/User/Downloads/sistema_frequencia/vendor/laravel/framework/src/Illuminate/Database/Eloquent/Model.php(2384): Illuminate/Database/Eloquent/Model->__call()
#15 C:/Users/User/Downloads/sistema_frequencia/database/seeders/DatabaseSeeder.php(172): Illuminate/Database/Eloquent/Model::__callStatic()
#16 C:/Users/User/Downloads/sistema_frequencia/vendor/laravel/framework/src/Illuminate/Container/BoundMethod.php(36): Database/Seeders/DatabaseSeeder->run()
#17 C:/Users/User/Downloads/sistema_frequencia/vendor/laravel/framework/src/Illuminate/Container/Util.php(43): Illuminate/Container/BoundMethod::{closure:Illuminate/Container/BoundMethod::call():35}()
#18 C:/Users/User/Downloads/sistema_frequencia/vendor/laravel/framework/src/Illuminate/Container/BoundMethod.php(95): Illuminate/Container/Util::unwrapIfClosure()
#19 C:/Users/User/Downloads/sistema_frequencia/vendor/laravel/framework/src/Illuminate/Container/BoundMethod.php(35): Illuminate/Container/BoundMethod::callBoundMethod()
#20 C:/Users/User/Downloads/sistema_frequencia/vendor/laravel/framework/src/Illuminate/Container/Container.php(696): Illuminate/Container/BoundMethod::call()
#21 C:/Users/User/Downloads/sistema_frequencia/vendor/laravel/framework/src/Illuminate/Database/Seeder.php(188): Illuminate/Container/Container->call()
#22 C:/Users/User/Downloads/sistema_frequencia/vendor/laravel/framework/src/Illuminate/Database/Seeder.php(197): Illuminate/Database/Seeder->{closure:Illuminate/Database/Seeder::__invoke():187}()
#23 C:/Users/User/Downloads/sistema_frequencia/vendor/laravel/framework/src/Illuminate/Database/Console/Seeds/SeedCommand.php(70): Illuminate/Database/Seeder->__invoke()
#24 C:/Users/User/Downloads/sistema_frequencia/vendor/laravel/framework/src/Illuminate/Database/Eloquent/Concerns/GuardsAttributes.php(155): Illuminate/Database/Console/Seeds/SeedCommand->{closure:Illuminate/Database/Console/Seeds/SeedCommand::handle():69}()
#25 C:/Users/User/Downloads/sistema_frequencia/vendor/laravel/framework/src/Illuminate/Database/Console/Seeds/SeedCommand.php(69): Illuminate/Database/Eloquent/Model::unguarded()
#26 C:/Users/User/Downloads/sistema_frequencia/vendor/laravel/framework/src/Illuminate/Container/BoundMethod.php(36): Illuminate/Database/Console/Seeds/SeedCommand->handle()
#27 C:/Users/User/Downloads/sistema_frequencia/vendor/laravel/framework/src/Illuminate/Container/Util.php(43): Illuminate/Container/BoundMethod::{closure:Illuminate/Container/BoundMethod::call():35}()
#28 C:/Users/User/Downloads/sistema_frequencia/vendor/laravel/framework/src/Illuminate/Container/BoundMethod.php(95): Illuminate/Container/Util::unwrapIfClosure()
#29 C:/Users/User/Downloads/sistema_frequencia/vendor/laravel/framework/src/Illuminate/Container/BoundMethod.php(35): Illuminate/Container/BoundMethod::callBoundMethod()
#30 C:/Users/User/Downloads/sistema_frequencia/vendor/laravel/framework/src/Illuminate/Container/Container.php(696): Illuminate/Container/BoundMethod::call()
#31 C:/Users/User/Downloads/sistema_frequencia/vendor/laravel/framework/src/Illuminate/Console/Command.php(213): Illuminate/Container/Container->call()
#32 C:/Users/User/Downloads/sistema_frequencia/vendor/symfony/console/Command/Command.php(341): Illuminate/Console/Command->execute()
#33 C:/Users/User/Downloads/sistema_frequencia/vendor/laravel/framework/src/Illuminate/Console/Command.php(182): Symfony/Component/Console/Command/Command->run()
#34 C:/Users/User/Downloads/sistema_frequencia/vendor/symfony/console/Application.php(1102): Illuminate/Console/Command->run()
#35 C:/Users/User/Downloads/sistema_frequencia/vendor/symfony/console/Application.php(356): Symfony/Component/Console/Application->doRunCommand()
#36 C:/Users/User/Downloads/sistema_frequencia/vendor/symfony/console/Application.php(195): Symfony/Component/Console/Application->doRun()
#37 C:/Users/User/Downloads/sistema_frequencia/vendor/laravel/framework/src/Illuminate/Foundation/Console/Kernel.php(198): Symfony/Component/Console/Application->run()
#38 C:/Users/User/Downloads/sistema_frequencia/vendor/laravel/framework/src/Illuminate/Foundation/Application.php(1235): Illuminate/Foundation/Console/Kernel->handle()
#39 C:/Users/User/Downloads/sistema_frequencia/artisan(12): Illuminate/Foundation/Application->handleCommand()
#40 {main}

[previous exception] [object] (PDOException(code: 23505): SQLSTATE[23505]: Unique violation: 7 ERRO:  duplicar valor da chave viola a restrio de unicidade \"users_email_unique\"
DETAIL:  Chave (email)=(setorial.saude@example.com) j existe. at C:/Users/User/Downloads/sistema_frequencia/vendor/laravel/framework/src/Illuminate/Database/Connection.php:412)
[stacktrace]
#0 C:/Users/User/Downloads/sistema_frequencia/vendor/laravel/framework/src/Illuminate/Database/Connection.php(412): PDOStatement->execute()
#1 C:/Users/User/Downloads/sistema_frequencia/vendor/laravel/framework/src/Illuminate/Database/Connection.php(812): Illuminate/Database/Connection->{closure:Illuminate/Database/Connection::select():398}()
#2 C:/Users/User/Downloads/sistema_frequencia/vendor/laravel/framework/src/Illuminate/Database/Connection.php(779): Illuminate/Database/Connection->runQueryCallback()
#3 C:/Users/User/Downloads/sistema_frequencia/vendor/laravel/framework/src/Illuminate/Database/Connection.php(398): Illuminate/Database/Connection->run()
#4 C:/Users/User/Downloads/sistema_frequencia/vendor/laravel/framework/src/Illuminate/Database/Connection.php(385): Illuminate/Database/Connection->select()
#5 C:/Users/User/Downloads/sistema_frequencia/vendor/laravel/framework/src/Illuminate/Database/Query/Processors/PostgresProcessor.php(24): Illuminate/Database/Connection->selectFromWriteConnection()
#6 C:/Users/User/Downloads/sistema_frequencia/vendor/laravel/framework/src/Illuminate/Database/Query/Builder.php(3766): Illuminate/Database/Query/Processors/PostgresProcessor->processInsertGetId()
#7 C:/Users/User/Downloads/sistema_frequencia/vendor/laravel/framework/src/Illuminate/Database/Eloquent/Builder.php(2120): Illuminate/Database/Query/Builder->insertGetId()
#8 C:/Users/User/Downloads/sistema_frequencia/vendor/laravel/framework/src/Illuminate/Database/Eloquent/Model.php(1359): Illuminate/Database/Eloquent/Builder->__call()
#9 C:/Users/User/Downloads/sistema_frequencia/vendor/laravel/framework/src/Illuminate/Database/Eloquent/Model.php(1324): Illuminate/Database/Eloquent/Model->insertAndSetId()
#10 C:/Users/User/Downloads/sistema_frequencia/vendor/laravel/framework/src/Illuminate/Database/Eloquent/Model.php(1163): Illuminate/Database/Eloquent/Model->performInsert()
#11 C:/Users/User/Downloads/sistema_frequencia/vendor/laravel/framework/src/Illuminate/Database/Eloquent/Builder.php(1128): Illuminate/Database/Eloquent/Model->save()
#12 C:/Users/User/Downloads/sistema_frequencia/vendor/laravel/framework/src/Illuminate/Support/helpers.php(399): Illuminate/Database/Eloquent/Builder->{closure:Illuminate/Database/Eloquent/Builder::create():1127}()
#13 C:/Users/User/Downloads/sistema_frequencia/vendor/laravel/framework/src/Illuminate/Database/Eloquent/Builder.php(1127): tap()
#14 C:/Users/User/Downloads/sistema_frequencia/vendor/laravel/framework/src/Illuminate/Support/Traits/ForwardsCalls.php(23): Illuminate/Database/Eloquent/Builder->create()
#15 C:/Users/User/Downloads/sistema_frequencia/vendor/laravel/framework/src/Illuminate/Database/Eloquent/Model.php(2372): Illuminate/Database/Eloquent/Model->forwardCallTo()
#16 C:/Users/User/Downloads/sistema_frequencia/vendor/laravel/framework/src/Illuminate/Database/Eloquent/Model.php(2384): Illuminate/Database/Eloquent/Model->__call()
#17 C:/Users/User/Downloads/sistema_frequencia/database/seeders/DatabaseSeeder.php(172): Illuminate/Database/Eloquent/Model::__callStatic()
#18 C:/Users/User/Downloads/sistema_frequencia/vendor/laravel/framework/src/Illuminate/Container/BoundMethod.php(36): Database/Seeders/DatabaseSeeder->run()
#19 C:/Users/User/Downloads/sistema_frequencia/vendor/laravel/framework/src/Illuminate/Container/Util.php(43): Illuminate/Container/BoundMethod::{closure:Illuminate/Container/BoundMethod::call():35}()
#20 C:/Users/User/Downloads/sistema_frequencia/vendor/laravel/framework/src/Illuminate/Container/BoundMethod.php(95): Illuminate/Container/Util::unwrapIfClosure()
#21 C:/Users/User/Downloads/sistema_frequencia/vendor/laravel/framework/src/Illuminate/Container/BoundMethod.php(35): Illuminate/Container/BoundMethod::callBoundMethod()
#22 C:/Users/User/Downloads/sistema_frequencia/vendor/laravel/framework/src/Illuminate/Container/Container.php(696): Illuminate/Container/BoundMethod::call()
#23 C:/Users/User/Downloads/sistema_frequencia/vendor/laravel/framework/src/Illuminate/Database/Seeder.php(188): Illuminate/Container/Container->call()
#24 C:/Users/User/Downloads/sistema_frequencia/vendor/laravel/framework/src/Illuminate/Database/Seeder.php(197): Illuminate/Database/Seeder->{closure:Illuminate/Database/Seeder::__invoke():187}()
#25 C:/Users/User/Downloads/sistema_frequencia/vendor/laravel/framework/src/Illuminate/Database/Console/Seeds/SeedCommand.php(70): Illuminate/Database/Seeder->__invoke()
#26 C:/Users/User/Downloads/sistema_frequencia/vendor/laravel/framework/src/Illuminate/Database/Eloquent/Concerns/GuardsAttributes.php(155): Illuminate/Database/Console/Seeds/SeedCommand->{closure:Illuminate/Database/Console/Seeds/SeedCommand::handle():69}()
#27 C:/Users/User/Downloads/sistema_frequencia/vendor/laravel/framework/src/Illuminate/Database/Console/Seeds/SeedCommand.php(69): Illuminate/Database/Eloquent/Model::unguarded()
#28 C:/Users/User/Downloads/sistema_frequencia/vendor/laravel/framework/src/Illuminate/Container/BoundMethod.php(36): Illuminate/Database/Console/Seeds/SeedCommand->handle()
#29 C:/Users/User/Downloads/sistema_frequencia/vendor/laravel/framework/src/Illuminate/Container/Util.php(43): Illuminate/Container/BoundMethod::{closure:Illuminate/Container/BoundMethod::call():35}()
#30 C:/Users/User/Downloads/sistema_frequencia/vendor/laravel/framework/src/Illuminate/Container/BoundMethod.php(95): Illuminate/Container/Util::unwrapIfClosure()
#31 C:/Users/User/Downloads/sistema_frequencia/vendor/laravel/framework/src/Illuminate/Container/BoundMethod.php(35): Illuminate/Container/BoundMethod::callBoundMethod()
#32 C:/Users/User/Downloads/sistema_frequencia/vendor/laravel/framework/src/Illuminate/Container/Container.php(696): Illuminate/Container/BoundMethod::call()
#33 C:/Users/User/Downloads/sistema_frequencia/vendor/laravel/framework/src/Illuminate/Console/Command.php(213): Illuminate/Container/Container->call()
#34 C:/Users/User/Downloads/sistema_frequencia/vendor/symfony/console/Command/Command.php(341): Illuminate/Console/Command->execute()
#35 C:/Users/User/Downloads/sistema_frequencia/vendor/laravel/framework/src/Illuminate/Console/Command.php(182): Symfony/Component/Console/Command/Command->run()
#36 C:/Users/User/Downloads/sistema_frequencia/vendor/symfony/console/Application.php(1102): Illuminate/Console/Command->run()
#37 C:/Users/User/Downloads/sistema_frequencia/vendor/symfony/console/Application.php(356): Symfony/Component/Console/Application->doRunCommand()
#38 C:/Users/User/Downloads/sistema_frequencia/vendor/symfony/console/Application.php(195): Symfony/Component/Console/Application->doRun()
#39 C:/Users/User/Downloads/sistema_frequencia/vendor/laravel/framework/src/Illuminate/Foundation/Console/Kernel.php(198): Symfony/Component/Console/Application->run()
#40 C:/Users/User/Downloads/sistema_frequencia/vendor/laravel/framework/src/Illuminate/Foundation/Application.php(1235): Illuminate/Foundation/Console/Kernel->handle()
#41 C:/Users/User/Downloads/sistema_frequencia/artisan(12): Illuminate/Foundation/Application->handleCommand()
#42 {main}
"} 
[2026-01-05 19:04:42] local.ERROR: Class "App\Http\Controllers\Controller" not found {"exception":"[object] (Error(code: 0): Class \"App\\Http\\Controllers\\Controller\" not found at C:/Users/User/Downloads/sistema_frequencia/app/Http/Controllers/AuthController.php:10)
[stacktrace]
#0 C:/Users/User/Downloads/sistema_frequencia/vendor/composer/ClassLoader.php(576): include()
#1 C:/Users/User/Downloads/sistema_frequencia/vendor/composer/ClassLoader.php(427): {closure:Composer/Autoload/ClassLoader::initializeIncludeClosure():575}()
#2 [internal function]: Composer/Autoload/ClassLoader->loadClass()
#3 C:/Users/User/Downloads/sistema_frequencia/vendor/laravel/framework/src/Illuminate/Routing/Route.php(1117): is_a()
#4 C:/Users/User/Downloads/sistema_frequencia/vendor/laravel/framework/src/Illuminate/Routing/Route.php(1054): Illuminate/Routing/Route->controllerMiddleware()
#5 C:/Users/User/Downloads/sistema_frequencia/vendor/laravel/framework/src/Illuminate/Routing/Router.php(820): Illuminate/Routing/Route->gatherMiddleware()
#6 C:/Users/User/Downloads/sistema_frequencia/vendor/laravel/framework/src/Illuminate/Foundation/Console/RouteListCommand.php(211): Illuminate/Routing/Router->gatherRouteMiddleware()
#7 C:/Users/User/Downloads/sistema_frequencia/vendor/laravel/framework/src/Illuminate/Foundation/Console/RouteListCommand.php(148): Illuminate/Foundation/Console/RouteListCommand->getMiddleware()
#8 C:/Users/User/Downloads/sistema_frequencia/vendor/laravel/framework/src/Illuminate/Foundation/Console/RouteListCommand.php(118): Illuminate/Foundation/Console/RouteListCommand->getRouteInformation()
#9 [internal function]: Illuminate/Foundation/Console/RouteListCommand->{closure:Illuminate/Foundation/Console/RouteListCommand::getRoutes():117}()
#10 C:/Users/User/Downloads/sistema_frequencia/vendor/laravel/framework/src/Illuminate/Collections/Arr.php(609): array_map()
#11 C:/Users/User/Downloads/sistema_frequencia/vendor/laravel/framework/src/Illuminate/Collections/Collection.php(799): Illuminate/Support/Arr::map()
#12 C:/Users/User/Downloads/sistema_frequencia/vendor/laravel/framework/src/Illuminate/Foundation/Console/RouteListCommand.php(117): Illuminate/Support/Collection->map()
#13 C:/Users/User/Downloads/sistema_frequencia/vendor/laravel/framework/src/Illuminate/Foundation/Console/RouteListCommand.php(103): Illuminate/Foundation/Console/RouteListCommand->getRoutes()
#14 C:/Users/User/Downloads/sistema_frequencia/vendor/laravel/framework/src/Illuminate/Container/BoundMethod.php(36): Illuminate/Foundation/Console/RouteListCommand->handle()
#15 C:/Users/User/Downloads/sistema_frequencia/vendor/laravel/framework/src/Illuminate/Container/Util.php(43): Illuminate/Container/BoundMethod::{closure:Illuminate/Container/BoundMethod::call():35}()
#16 C:/Users/User/Downloads/sistema_frequencia/vendor/laravel/framework/src/Illuminate/Container/BoundMethod.php(95): Illuminate/Container/Util::unwrapIfClosure()
#17 C:/Users/User/Downloads/sistema_frequencia/vendor/laravel/framework/src/Illuminate/Container/BoundMethod.php(35): Illuminate/Container/BoundMethod::callBoundMethod()
#18 C:/Users/User/Downloads/sistema_frequencia/vendor/laravel/framework/src/Illuminate/Container/Container.php(696): Illuminate/Container/BoundMethod::call()
#19 C:/Users/User/Downloads/sistema_frequencia/vendor/laravel/framework/src/Illuminate/Console/Command.php(213): Illuminate/Container/Container->call()
#20 C:/Users/User/Downloads/sistema_frequencia/vendor/symfony/console/Command/Command.php(341): Illuminate/Console/Command->execute()
#21 C:/Users/User/Downloads/sistema_frequencia/vendor/laravel/framework/src/Illuminate/Console/Command.php(182): Symfony/Component/Console/Command/Command->run()
#22 C:/Users/User/Downloads/sistema_frequencia/vendor/symfony/console/Application.php(1102): Illuminate/Console/Command->run()
#23 C:/Users/User/Downloads/sistema_frequencia/vendor/symfony/console/Application.php(356): Symfony/Component/Console/Application->doRunCommand()
#24 C:/Users/User/Downloads/sistema_frequencia/vendor/symfony/console/Application.php(195): Symfony/Component/Console/Application->doRun()
#25 C:/Users/User/Downloads/sistema_frequencia/vendor/laravel/framework/src/Illuminate/Foundation/Console/Kernel.php(198): Symfony/Component/Console/Application->run()
#26 C:/Users/User/Downloads/sistema_frequencia/vendor/laravel/framework/src/Illuminate/Foundation/Application.php(1235): Illuminate/Foundation/Console/Kernel->handle()
#27 C:/Users/User/Downloads/sistema_frequencia/artisan(12): Illuminate/Foundation/Application->handleCommand()
#28 {main}
"} 
[2026-01-05 19:04:51] local.ERROR: Class "App\Http\Controllers\Controller" not found {"exception":"[object] (Error(code: 0): Class \"App\\Http\\Controllers\\Controller\" not found at C:/Users/User/Downloads/sistema_frequencia/app/Http/Controllers/AuthController.php:10)
[stacktrace]
#0 C:/Users/User/Downloads/sistema_frequencia/vendor/composer/ClassLoader.php(576): include()
#1 C:/Users/User/Downloads/sistema_frequencia/vendor/composer/ClassLoader.php(427): {closure:Composer/Autoload/ClassLoader::initializeIncludeClosure():575}()
#2 [internal function]: Composer/Autoload/ClassLoader->loadClass()
#3 C:/Users/User/Downloads/sistema_frequencia/vendor/laravel/framework/src/Illuminate/Routing/Route.php(1117): is_a()
#4 C:/Users/User/Downloads/sistema_frequencia/vendor/laravel/framework/src/Illuminate/Routing/Route.php(1054): Illuminate/Routing/Route->controllerMiddleware()
#5 C:/Users/User/Downloads/sistema_frequencia/vendor/laravel/framework/src/Illuminate/Routing/Router.php(820): Illuminate/Routing/Route->gatherMiddleware()
#6 C:/Users/User/Downloads/sistema_frequencia/vendor/laravel/framework/src/Illuminate/Foundation/Console/RouteListCommand.php(211): Illuminate/Routing/Router->gatherRouteMiddleware()
#7 C:/Users/User/Downloads/sistema_frequencia/vendor/laravel/framework/src/Illuminate/Foundation/Console/RouteListCommand.php(148): Illuminate/Foundation/Console/RouteListCommand->getMiddleware()
#8 C:/Users/User/Downloads/sistema_frequencia/vendor/laravel/framework/src/Illuminate/Foundation/Console/RouteListCommand.php(118): Illuminate/Foundation/Console/RouteListCommand->getRouteInformation()
#9 [internal function]: Illuminate/Foundation/Console/RouteListCommand->{closure:Illuminate/Foundation/Console/RouteListCommand::getRoutes():117}()
#10 C:/Users/User/Downloads/sistema_frequencia/vendor/laravel/framework/src/Illuminate/Collections/Arr.php(609): array_map()
#11 C:/Users/User/Downloads/sistema_frequencia/vendor/laravel/framework/src/Illuminate/Collections/Collection.php(799): Illuminate/Support/Arr::map()
#12 C:/Users/User/Downloads/sistema_frequencia/vendor/laravel/framework/src/Illuminate/Foundation/Console/RouteListCommand.php(117): Illuminate/Support/Collection->map()
#13 C:/Users/User/Downloads/sistema_frequencia/vendor/laravel/framework/src/Illuminate/Foundation/Console/RouteListCommand.php(103): Illuminate/Foundation/Console/RouteListCommand->getRoutes()
#14 C:/Users/User/Downloads/sistema_frequencia/vendor/laravel/framework/src/Illuminate/Container/BoundMethod.php(36): Illuminate/Foundation/Console/RouteListCommand->handle()
#15 C:/Users/User/Downloads/sistema_frequencia/vendor/laravel/framework/src/Illuminate/Container/Util.php(43): Illuminate/Container/BoundMethod::{closure:Illuminate/Container/BoundMethod::call():35}()
#16 C:/Users/User/Downloads/sistema_frequencia/vendor/laravel/framework/src/Illuminate/Container/BoundMethod.php(95): Illuminate/Container/Util::unwrapIfClosure()
#17 C:/Users/User/Downloads/sistema_frequencia/vendor/laravel/framework/src/Illuminate/Container/BoundMethod.php(35): Illuminate/Container/BoundMethod::callBoundMethod()
#18 C:/Users/User/Downloads/sistema_frequencia/vendor/laravel/framework/src/Illuminate/Container/Container.php(696): Illuminate/Container/BoundMethod::call()
#19 C:/Users/User/Downloads/sistema_frequencia/vendor/laravel/framework/src/Illuminate/Console/Command.php(213): Illuminate/Container/Container->call()
#20 C:/Users/User/Downloads/sistema_frequencia/vendor/symfony/console/Command/Command.php(341): Illuminate/Console/Command->execute()
#21 C:/Users/User/Downloads/sistema_frequencia/vendor/laravel/framework/src/Illuminate/Console/Command.php(182): Symfony/Component/Console/Command/Command->run()
#22 C:/Users/User/Downloads/sistema_frequencia/vendor/symfony/console/Application.php(1102): Illuminate/Console/Command->run()
#23 C:/Users/User/Downloads/sistema_frequencia/vendor/symfony/console/Application.php(356): Symfony/Component/Console/Application->doRunCommand()
#24 C:/Users/User/Downloads/sistema_frequencia/vendor/symfony/console/Application.php(195): Symfony/Component/Console/Application->doRun()
#25 C:/Users/User/Downloads/sistema_frequencia/vendor/laravel/framework/src/Illuminate/Foundation/Console/Kernel.php(198): Symfony/Component/Console/Application->run()
#26 C:/Users/User/Downloads/sistema_frequencia/vendor/laravel/framework/src/Illuminate/Foundation/Application.php(1235): Illuminate/Foundation/Console/Kernel->handle()
#27 C:/Users/User/Downloads/sistema_frequencia/artisan(12): Illuminate/Foundation/Application->handleCommand()
#28 {main}
"} 
